2024-04-05 08:57:41 LogWrapper init() ./logs/EUR_GBP.log
2024-04-05 08:57:41 {'ma': 20, 'std': 2.5, 'maxspread': 0.0004, 'mingain': 0.0014, 'riskreward': 1.5}
2024-04-05 08:57:49 CandleManager() init last_candles:last_candle:24-04-05 12:56 is_ready:False
2024-04-05 08:58:04 CandleManager() new candle:last_candle:24-04-05 12:57 is_ready:True
2024-04-05 08:58:04 tech_manager: max_rows:40 candle_time2024-04-05 12:57:00+00:00 granularity:M1
2024-04-05 08:58:04 process_candles:
       PAIR                      time    mid_c    mid_o   SL   TP   SPREAD      GAIN  SIGNAL
34  EUR_GBP 2024-04-05 12:53:00+00:00  0.85821  0.85826  0.0  0.0  0.00014  0.000150       0
35  EUR_GBP 2024-04-05 12:54:00+00:00  0.85828  0.85819  0.0  0.0  0.00013  0.000072       0
36  EUR_GBP 2024-04-05 12:55:00+00:00  0.85828  0.85827  0.0  0.0  0.00013  0.000065       0
37  EUR_GBP 2024-04-05 12:56:00+00:00  0.85830  0.85829  0.0  0.0  0.00013  0.000038       0
38  EUR_GBP 2024-04-05 12:57:00+00:00  0.85830  0.85831  0.0  0.0  0.00013  0.000035       0
2024-04-05 08:59:04 CandleManager() new candle:last_candle:24-04-05 12:58 is_ready:True
2024-04-05 08:59:04 tech_manager: max_rows:40 candle_time2024-04-05 12:58:00+00:00 granularity:M1
2024-04-05 08:59:04 process_candles:
       PAIR                      time    mid_c    mid_o   SL   TP   SPREAD      GAIN  SIGNAL
34  EUR_GBP 2024-04-05 12:54:00+00:00  0.85828  0.85819  0.0  0.0  0.00013  0.000072       0
35  EUR_GBP 2024-04-05 12:55:00+00:00  0.85828  0.85827  0.0  0.0  0.00013  0.000065       0
36  EUR_GBP 2024-04-05 12:56:00+00:00  0.85830  0.85829  0.0  0.0  0.00013  0.000038       0
37  EUR_GBP 2024-04-05 12:57:00+00:00  0.85830  0.85831  0.0  0.0  0.00013  0.000035       0
38  EUR_GBP 2024-04-05 12:58:00+00:00  0.85827  0.85827  0.0  0.0  0.00012  0.000062       0
2024-04-05 09:00:02 CandleManager() new candle:last_candle:24-04-05 12:59 is_ready:True
2024-04-05 09:00:02 tech_manager: max_rows:40 candle_time2024-04-05 12:59:00+00:00 granularity:M1
2024-04-05 09:00:02 process_candles:
       PAIR                      time    mid_c    mid_o   SL   TP   SPREAD      GAIN  SIGNAL
34  EUR_GBP 2024-04-05 12:55:00+00:00  0.85828  0.85827  0.0  0.0  0.00013  0.000065       0
35  EUR_GBP 2024-04-05 12:56:00+00:00  0.85830  0.85829  0.0  0.0  0.00013  0.000038       0
36  EUR_GBP 2024-04-05 12:57:00+00:00  0.85830  0.85831  0.0  0.0  0.00013  0.000035       0
37  EUR_GBP 2024-04-05 12:58:00+00:00  0.85827  0.85827  0.0  0.0  0.00012  0.000062       0
38  EUR_GBP 2024-04-05 12:59:00+00:00  0.85824  0.85826  0.0  0.0  0.00013  0.000086       0
