2024-04-05 08:57:41 LogWrapper init() ./logs/GBP_USD.log
2024-04-05 08:57:41 {'ma': 50, 'std': 2.5, 'maxspread': 0.0004, 'mingain': 0.0014, 'riskreward': 1.5}
2024-04-05 08:57:49 CandleManager() init last_candles:last_candle:24-04-05 12:56 is_ready:False
2024-04-05 08:58:04 CandleManager() new candle:last_candle:24-04-05 12:57 is_ready:True
2024-04-05 08:58:04 tech_manager: max_rows:70 candle_time2024-04-05 12:57:00+00:00 granularity:M1
2024-04-05 08:58:04 process_candles:
       PAIR                      time    mid_c    mid_o   SL   TP   SPREAD      GAIN  SIGNAL
64  GBP_USD 2024-04-05 12:53:00+00:00  1.25908  1.25870  0.0  0.0  0.00019  0.002767       0
65  GBP_USD 2024-04-05 12:54:00+00:00  1.25886  1.25912  0.0  0.0  0.00018  0.002893       0
66  GBP_USD 2024-04-05 12:55:00+00:00  1.25878  1.25886  0.0  0.0  0.00019  0.002879       0
67  GBP_USD 2024-04-05 12:56:00+00:00  1.25900  1.25880  0.0  0.0  0.00019  0.002565       0
68  GBP_USD 2024-04-05 12:57:00+00:00  1.25878  1.25900  0.0  0.0  0.00015  0.002689       0
2024-04-05 08:59:04 CandleManager() new candle:last_candle:24-04-05 12:58 is_ready:True
2024-04-05 08:59:04 tech_manager: max_rows:70 candle_time2024-04-05 12:58:00+00:00 granularity:M1
2024-04-05 08:59:04 process_candles:
       PAIR                      time    mid_c    mid_o   SL   TP   SPREAD      GAIN  SIGNAL
64  GBP_USD 2024-04-05 12:54:00+00:00  1.25886  1.25912  0.0  0.0  0.00018  0.002893       0
65  GBP_USD 2024-04-05 12:55:00+00:00  1.25878  1.25886  0.0  0.0  0.00019  0.002879       0
66  GBP_USD 2024-04-05 12:56:00+00:00  1.25900  1.25880  0.0  0.0  0.00019  0.002565       0
67  GBP_USD 2024-04-05 12:57:00+00:00  1.25878  1.25900  0.0  0.0  0.00015  0.002689       0
68  GBP_USD 2024-04-05 12:58:00+00:00  1.25929  1.25878  0.0  0.0  0.00018  0.002085       0
2024-04-05 09:00:02 CandleManager() new candle:last_candle:24-04-05 12:59 is_ready:True
2024-04-05 09:00:02 tech_manager: max_rows:70 candle_time2024-04-05 12:59:00+00:00 granularity:M1
2024-04-05 09:00:02 process_candles:
       PAIR                      time    mid_c    mid_o   SL   TP   SPREAD      GAIN  SIGNAL
64  GBP_USD 2024-04-05 12:55:00+00:00  1.25878  1.25886  0.0  0.0  0.00019  0.002879       0
65  GBP_USD 2024-04-05 12:56:00+00:00  1.25900  1.25880  0.0  0.0  0.00019  0.002565       0
66  GBP_USD 2024-04-05 12:57:00+00:00  1.25878  1.25900  0.0  0.0  0.00015  0.002689       0
67  GBP_USD 2024-04-05 12:58:00+00:00  1.25929  1.25878  0.0  0.0  0.00018  0.002085       0
68  GBP_USD 2024-04-05 12:59:00+00:00  1.25950  1.25928  0.0  0.0  0.00016  0.001787       0
