2024-04-05 08:57:41 LogWrapper init() ./logs/GBP_CHF.log
2024-04-05 08:57:41 {'ma': 20, 'std': 2.5, 'maxspread': 0.0004, 'mingain': 0.0014, 'riskreward': 1.5}
2024-04-05 08:57:49 CandleManager() init last_candles:last_candle:24-04-05 12:56 is_ready:False
2024-04-05 08:58:14 CandleManager() new candle:last_candle:24-04-05 12:57 is_ready:True
2024-04-05 08:58:19 tech_manager: max_rows:40 candle_time2024-04-05 12:57:00+00:00 granularity:M1
2024-04-05 08:58:19 process_candles:
       PAIR                      time    mid_c    mid_o   SL   TP   SPREAD      GAIN  SIGNAL
34  GBP_CHF 2024-04-05 12:53:00+00:00  1.14081  1.14081  0.0  0.0  0.00022  0.000009       0
35  GBP_CHF 2024-04-05 12:54:00+00:00  1.14056  1.14080  0.0  0.0  0.00018  0.000221       0
36  GBP_CHF 2024-04-05 12:55:00+00:00  1.14044  1.14057  0.0  0.0  0.00017  0.000326       0
37  GBP_CHF 2024-04-05 12:56:00+00:00  1.14034  1.14044  0.0  0.0  0.00018  0.000410       0
38  GBP_CHF 2024-04-05 12:57:00+00:00  1.14027  1.14033  0.0  0.0  0.00018  0.000461       0
2024-04-05 08:59:04 CandleManager() new candle:last_candle:24-04-05 12:58 is_ready:True
2024-04-05 08:59:04 tech_manager: max_rows:40 candle_time2024-04-05 12:58:00+00:00 granularity:M1
2024-04-05 08:59:04 process_candles:
       PAIR                      time    mid_c    mid_o   SL   TP   SPREAD      GAIN  SIGNAL
34  GBP_CHF 2024-04-05 12:54:00+00:00  1.14056  1.14080  0.0  0.0  0.00018  0.000221       0
35  GBP_CHF 2024-04-05 12:55:00+00:00  1.14044  1.14057  0.0  0.0  0.00017  0.000326       0
36  GBP_CHF 2024-04-05 12:56:00+00:00  1.14034  1.14044  0.0  0.0  0.00018  0.000410       0
37  GBP_CHF 2024-04-05 12:57:00+00:00  1.14027  1.14033  0.0  0.0  0.00018  0.000461       0
38  GBP_CHF 2024-04-05 12:58:00+00:00  1.14020  1.14028  0.0  0.0  0.00020  0.000505       0
2024-04-05 09:00:12 CandleManager() new candle:last_candle:24-04-05 12:59 is_ready:True
